This is pdfTeX, Version 3.14159265-2.6-1.40.19 (TeX Live 2018/W32TeX) (preloaded format=pdflatex)
 restricted \write18 enabled.
entering extended mode
(./main_html.tex
LaTeX2e <2018-04-01> patch level 5
(c:/texlive/2018/texmf-dist/tex/latex/base/book.cls
Document Class: book 2014/09/29 v1.4h Standard LaTeX document class
(c:/texlive/2018/texmf-dist/tex/latex/base/bk10.clo)) (./lwarp_preamble.tex
(c:/texlive/2018/texmf-dist/tex/generic/iftex/iftex.sty)
(c:/texlive/2018/texmf-dist/tex/latex/bxcjkjatype/bxcjkjatype.sty
(c:/texlive/2018/texmf-dist/tex/latex/graphics/keyval.sty)
(c:/texlive/2018/texmf-dist/tex/latex/cjk/texinput/CJK.sty
(c:/texlive/2018/texmf-dist/tex/latex/cjk/texinput/mule/MULEenc.sty)
(c:/texlive/2018/texmf-dist/tex/latex/cjk/texinput/CJK.enc))
(c:/texlive/2018/texmf-dist/tex/latex/cjk/texinput/CJKutf8.sty
(c:/texlive/2018/texmf-dist/tex/generic/oberdiek/ifpdf.sty)
(c:/texlive/2018/texmf-dist/tex/latex/base/inputenc.sty)
(c:/texlive/2018/texmf-dist/tex/latex/base/fontenc.sty))
(c:/texlive/2018/texmf-dist/tex/latex/cjk/texinput/CJKspace.sty)
(c:/texlive/2018/texmf-dist/tex/latex/cjkpunct/CJKpunct.sty
(c:/texlive/2018/texmf-dist/tex/latex/cjkpunct/CJKpunct.spa))
(c:/texlive/2018/texmf-dist/tex/latex/etoolbox/etoolbox.sty)
(c:/texlive/2018/texmf-dist/tex/latex/cjk/texinput/UTF8/UTF8.bdg))
(c:/texlive/2018/texmf-dist/tex/latex/lm/lmodern.sty)
(c:/texlive/2018/texmf-dist/tex/latex/base/fontenc.sty
(c:/texlive/2018/texmf-dist/tex/latex/base/t1enc.def))
(c:/texlive/2018/texmf-dist/tex/latex/lwarp/lwarp.sty
(c:/texlive/2018/texmf-dist/tex/latex/base/fontenc.sty
(c:/texlive/2018/texmf-dist/tex/latex/base/t1enc.def))
(c:/texlive/2018/texmf-dist/tex/latex/newunicodechar/newunicodechar.sty)

Package newunicodechar Warning: Redefining Unicode character on input line 83.


Package newunicodechar Warning: Redefining Unicode character on input line 84.

(c:/texlive/2018/texmf-dist/tex/latex/upquote/upquote.sty
(c:/texlive/2018/texmf-dist/tex/latex/base/textcomp.sty
(c:/texlive/2018/texmf-dist/tex/latex/base/ts1enc.def
(c:/texlive/2018/texmf-dist/tex/latex/base/ts1enc.dfu))))
(c:/texlive/2018/texmf-dist/tex/latex/xpatch/xpatch.sty
(c:/texlive/2018/texmf-dist/tex/latex/l3kernel/expl3.sty
(c:/texlive/2018/texmf-dist/tex/latex/l3kernel/expl3-code.tex)
(c:/texlive/2018/texmf-dist/tex/latex/l3kernel/l3pdfmode.def))
(c:/texlive/2018/texmf-dist/tex/latex/l3packages/xparse/xparse.sty))
(c:/texlive/2018/texmf-dist/tex/latex/ifplatform/ifplatform.sty
(c:/texlive/2018/texmf-dist/tex/latex/tools/shellesc.sty)
(c:/texlive/2018/texmf-dist/tex/generic/oberdiek/pdftexcmds.sty
(c:/texlive/2018/texmf-dist/tex/generic/oberdiek/infwarerr.sty)
(c:/texlive/2018/texmf-dist/tex/generic/oberdiek/ifluatex.sty)
(c:/texlive/2018/texmf-dist/tex/generic/oberdiek/ltxcmds.sty))
(c:/texlive/2018/texmf-dist/tex/generic/oberdiek/catchfile.sty
(c:/texlive/2018/texmf-dist/tex/generic/oberdiek/etexcmds.sty))

Package ifplatform Warning: 
    shell escape is disabled, so I can only detect \ifwindows.

) (c:/texlive/2018/texmf-dist/tex/latex/oberdiek/letltxmacro.sty)
(c:/texlive/2018/texmf-dist/tex/latex/oberdiek/kvoptions.sty
(c:/texlive/2018/texmf-dist/tex/generic/oberdiek/kvsetkeys.sty))
(c:/texlive/2018/texmf-dist/tex/latex/comment/comment.sty
Excluding comment 'comment') Excluding comment 'testing'
Include comment 'warpall' Excluding comment 'warpHTML'
Include comment 'warpprint' Excluding comment 'LWR@createlwarpmk'
Excluding 'warpHTML' comment. Excluding 'warpHTML' comment.
Including 'warpall' comment. Straight input of comment_print.cut.
(./comment_print.cut) Excluding 'warpHTML' comment.
Including 'warpall' comment. Straight input of comment_print.cut.
(./comment_print.cut
(c:/texlive/2018/texmf-dist/tex/latex/filecontents/filecontents.sty))
Excluding 'warpHTML' comment. Including 'warpall' comment.
Straight input of comment_print.cut. (./comment_print.cut
(c:/texlive/2018/texmf-dist/tex/latex/environ/environ.sty
(c:/texlive/2018/texmf-dist/tex/latex/trimspaces/trimspaces.sty)))
Excluding 'warpHTML' comment. Including 'warpprint' comment.
Straight input of comment_print.cut. (./comment_print.cut
(c:/texlive/2018/texmf-dist/tex/latex/varwidth/varwidth.sty))
Excluding 'warpHTML' comment. Excluding 'warpHTML' comment.
Including 'warpall' comment. Straight input of comment_print.cut.
(./comment_print.cut) Excluding 'warpHTML' comment.
Excluding 'warpHTML' comment. Excluding 'warpHTML' comment.
Including 'warpall' comment. Straight input of comment_print.cut.
(./comment_print.cut) Excluding 'warpHTML' comment.
Including 'warpall' comment. Straight input of comment_print.cut.
(./comment_print.cut) Excluding 'warpHTML' comment.
Excluding 'warpHTML' comment. Excluding 'warpHTML' comment.
Including 'warpprint' comment. Straight input of comment_print.cut.
(./comment_print.cut
lwarp: generating configuration files
) Including 'warpprint' comment. Straight input of comment_print.cut.
(./comment_print.cut) Including 'warpprint' comment.
Straight input of comment_print.cut. (./comment_print.cut)
Including 'warpprint' comment. Straight input of comment_print.cut.
(./comment_print.cut) Including 'warpprint' comment.
Straight input of comment_print.cut. (./comment_print.cut)
Including 'warpprint' comment. Straight input of comment_print.cut.
(./comment_print.cut

LaTeX Warning: Writing file `./lwarp.css'.


) Including 'warpprint' comment. Straight input of comment_print.cut.
(./comment_print.cut

LaTeX Warning: Writing file `./lwarp_sagebrush.css'.


) Including 'warpprint' comment. Straight input of comment_print.cut.
(./comment_print.cut

LaTeX Warning: Writing file `./lwarp_formal.css'.


) Including 'warpprint' comment. Straight input of comment_print.cut.
(./comment_print.cut

LaTeX Warning: Writing file `./sample_project.css'.


) Including 'warpprint' comment. Straight input of comment_print.cut.
(./comment_print.cut

LaTeX Warning: Writing file `./lwarp.ist'.


) Including 'warpprint' comment. Straight input of comment_print.cut.
(./comment_print.cut

LaTeX Warning: Writing file `./lwarp.xdy'.


) Including 'warpprint' comment. Straight input of comment_print.cut.
(./comment_print.cut

LaTeX Warning: Writing file `./lwarp_one_limage.txt'.


) Including 'warpprint' comment. Straight input of comment_print.cut.
(./comment_print.cut

LaTeX Warning: Writing file `./lwarp_mathjax.txt'.


) Excluding 'LWR@createlwarpmk' comment. Excluding 'warpHTML' comment.
Excluding 'warpHTML' comment. Including 'warpall' comment.
Straight input of comment_print.cut. (./comment_print.cut)
Including 'warpall' comment. Straight input of comment_print.cut.
(./comment_print.cut) Excluding 'warpHTML' comment.
Excluding 'warpHTML' comment. Including 'warpall' comment.
Straight input of comment_print.cut. (./comment_print.cut)
Excluding 'warpHTML' comment. Excluding 'warpHTML' comment.
Excluding 'warpHTML' comment. Including 'warpprint' comment.
Straight input of comment_print.cut. (./comment_print.cut)
Excluding 'warpHTML' comment. Excluding 'warpHTML' comment.
Excluding 'warpHTML' comment. Including 'warpprint' comment.
Straight input of comment_print.cut. (./comment_print.cut)
Excluding 'warpHTML' comment. Including 'warpall' comment.
Straight input of comment_print.cut. (./comment_print.cut)
Excluding 'warpHTML' comment. Including 'warpprint' comment.
Straight input of comment_print.cut. (./comment_print.cut)
Excluding 'warpHTML' comment. Including 'warpprint' comment.
Straight input of comment_print.cut. (./comment_print.cut)
Excluding 'warpHTML' comment. Excluding 'warpHTML' comment.
Excluding 'warpHTML' comment. Excluding 'warpHTML' comment.
Including 'warpall' comment. Straight input of comment_print.cut.
(./comment_print.cut) Excluding 'warpHTML' comment.
Including 'warpprint' comment. Straight input of comment_print.cut.
(./comment_print.cut) Excluding 'warpHTML' comment.
Including 'warpall' comment. Straight input of comment_print.cut.
(./comment_print.cut) Including 'warpall' comment.
Straight input of comment_print.cut. (./comment_print.cut)
Excluding 'warpHTML' comment. Excluding 'warpHTML' comment.
Including 'warpprint' comment. Straight input of comment_print.cut.
(./comment_print.cut) Including 'warpall' comment.
Straight input of comment_print.cut. (./comment_print.cut)
Excluding 'warpHTML' comment. Including 'warpprint' comment.
Straight input of comment_print.cut. (./comment_print.cut)
Excluding 'warpHTML' comment. Excluding 'warpHTML' comment.
Including 'warpprint' comment. Straight input of comment_print.cut.
(./comment_print.cut) Excluding 'warpHTML' comment.
Including 'warpall' comment. Straight input of comment_print.cut.
(./comment_print.cut) Excluding 'warpHTML' comment.
Excluding 'warpHTML' comment. Excluding 'warpHTML' comment.
Including 'warpall' comment. Straight input of comment_print.cut.
(./comment_print.cut) Including 'warpall' comment.
Straight input of comment_print.cut. (./comment_print.cut)
Including 'warpprint' comment. Straight input of comment_print.cut.
(./comment_print.cut) Excluding 'warpHTML' comment.
Including 'warpall' comment. Straight input of comment_print.cut.
(./comment_print.cut) Excluding 'warpHTML' comment.
Including 'warpprint' comment. Straight input of comment_print.cut.
(./comment_print.cut) Excluding 'warpHTML' comment.
Including 'warpall' comment. Straight input of comment_print.cut.
(./comment_print.cut) Excluding 'warpHTML' comment.
Excluding 'warpHTML' comment. Including 'warpprint' comment.
Straight input of comment_print.cut. (./comment_print.cut)
Excluding 'warpHTML' comment. Excluding 'warpHTML' comment.
Including 'warpall' comment. Straight input of comment_print.cut.
(./comment_print.cut) Including 'warpall' comment.
Straight input of comment_print.cut. (./comment_print.cut)
Excluding 'warpHTML' comment. Excluding 'warpHTML' comment.
Excluding 'warpHTML' comment. Excluding 'warpHTML' comment.
Excluding 'warpHTML' comment. Excluding 'warpHTML' comment.
Including 'warpall' comment. Straight input of comment_print.cut.
(./comment_print.cut) Excluding 'warpHTML' comment.
Including 'warpall' comment. Straight input of comment_print.cut.
(./comment_print.cut) Excluding 'warpHTML' comment.
Including 'warpprint' comment. Straight input of comment_print.cut.
(./comment_print.cut) Excluding 'warpHTML' comment.
Including 'warpall' comment. Straight input of comment_print.cut.
(./comment_print.cut) Including 'warpall' comment.
Straight input of comment_print.cut. (./comment_print.cut)
Excluding 'warpHTML' comment. Excluding 'warpHTML' comment.
Excluding 'warpHTML' comment. Excluding 'warpHTML' comment.
Including 'warpall' comment. Straight input of comment_print.cut.
(./comment_print.cut) Excluding 'warpHTML' comment.
Excluding 'warpHTML' comment. Including 'warpprint' comment.
Straight input of comment_print.cut. (./comment_print.cut)
Including 'warpall' comment. Straight input of comment_print.cut.
(./comment_print.cut) Excluding 'warpHTML' comment.
Excluding 'warpHTML' comment. Including 'warpall' comment.
Straight input of comment_print.cut. (./comment_print.cut)
Excluding 'warpHTML' comment. Including 'warpprint' comment.
Straight input of comment_print.cut. (./comment_print.cut)
Excluding 'warpHTML' comment. Excluding 'warpHTML' comment.
Including 'warpall' comment. Straight input of comment_print.cut.
(./comment_print.cut) Excluding 'warpHTML' comment.
Including 'warpprint' comment. Straight input of comment_print.cut.
(./comment_print.cut) Excluding 'warpHTML' comment.
Excluding 'warpHTML' comment. Excluding 'warpHTML' comment.
Including 'warpprint' comment. Straight input of comment_print.cut.
(./comment_print.cut) Including 'warpall' comment.
Straight input of comment_print.cut. (./comment_print.cut)
Including 'warpprint' comment. Straight input of comment_print.cut.
(./comment_print.cut) Excluding 'warpHTML' comment.
Excluding 'warpHTML' comment. Excluding 'warpHTML' comment.
Including 'warpprint' comment. Straight input of comment_print.cut.
(./comment_print.cut) Excluding 'warpHTML' comment.
Including 'warpall' comment. Straight input of comment_print.cut.
(./comment_print.cut) Excluding 'warpHTML' comment.
Including 'warpall' comment. Straight input of comment_print.cut.
(./comment_print.cut) Excluding 'warpHTML' comment.
Excluding 'warpHTML' comment. Excluding 'warpHTML' comment.
Excluding 'warpHTML' comment. Excluding 'warpHTML' comment.
Excluding 'warpHTML' comment. Including 'warpprint' comment.
Straight input of comment_print.cut. (./comment_print.cut)
Excluding 'warpHTML' comment. Excluding 'warpHTML' comment.
Excluding 'warpHTML' comment.))
(c:/texlive/2018/texmf-dist/tex/latex/graphics/graphicx.sty
(c:/texlive/2018/texmf-dist/tex/latex/graphics/graphics.sty
(c:/texlive/2018/texmf-dist/tex/latex/graphics/trig.sty)
(c:/texlive/2018/texmf-dist/tex/latex/graphics-cfg/graphics.cfg)
(c:/texlive/2018/texmf-dist/tex/latex/graphics-def/pdftex.def)))
(c:/texlive/2018/texmf-dist/tex/latex/booktabs/booktabs.sty)
(c:/texlive/2018/texmf-dist/tex/latex/amsmath/amsmath.sty
For additional information on amsmath, use the `?' option.
(c:/texlive/2018/texmf-dist/tex/latex/amsmath/amstext.sty
(c:/texlive/2018/texmf-dist/tex/latex/amsmath/amsgen.sty))
(c:/texlive/2018/texmf-dist/tex/latex/amsmath/amsbsy.sty)
(c:/texlive/2018/texmf-dist/tex/latex/amsmath/amsopn.sty))
(c:/texlive/2018/texmf-dist/tex/latex/amsfonts/amssymb.sty
(c:/texlive/2018/texmf-dist/tex/latex/amsfonts/amsfonts.sty))
(c:/texlive/2018/texmf-dist/tex/latex/url/url.sty)
(c:/texlive/2018/texmf-dist/tex/latex/base/makeidx.sty)
(c:/texlive/2018/texmf-dist/tex/latex/graphics/color.sty
(c:/texlive/2018/texmf-dist/tex/latex/graphics-cfg/color.cfg)) (./sprmacros.sty
) (c:/texlive/2018/texmf-dist/tex/latex/fancybox/fancybox.sty
Style option: `fancybox' v1.4 <2010/05/15> (tvz)
) (c:/texlive/2018/texmf-dist/tex/latex/framed/framed.sty)
(c:/texlive/2018/texmf-dist/tex/latex/tools/longtable.sty)
(c:/texlive/2018/texmf-dist/tex/latex/tools/bm.sty)
(c:/texlive/2018/texmf-dist/tex/latex/base/ifthen.sty)

LaTeX Warning: Unused global option(s):
    [pdflatex,ja=standard,jafont=ipaex].

No file main_html.aux.
(c:/texlive/2018/texmf-dist/tex/latex/base/ts1cmr.fd)
(c:/texlive/2018/texmf-dist/tex/latex/lm/t1lmr.fd)
(c:/texlive/2018/texmf-dist/tex/latex/cjk/texinput/UTF8/UTF8.enc)
(c:/texlive/2018/texmf-dist/tex/latex/cjk/texinput/UTF8/UTF8.chr)
(c:/texlive/2018/texmf-dist/tex/context/base/mkii/supp-pdf.mkii
[Loading MPS to PDF converter (version 2006.09.02).]
) (c:/texlive/2018/texmf-dist/tex/latex/oberdiek/epstopdf-base.sty
(c:/texlive/2018/texmf-dist/tex/latex/oberdiek/grfext.sty
(c:/texlive/2018/texmf-dist/tex/generic/oberdiek/kvdefinekeys.sty))
(c:/texlive/2018/texmf-dist/tex/latex/latexconfig/epstopdf-sys.cfg))
(c:/texlive/2018/texmf-dist/tex/latex/lm/ot1lmr.fd)
(c:/texlive/2018/texmf-dist/tex/latex/lm/omllmm.fd)
(c:/texlive/2018/texmf-dist/tex/latex/lm/omslmsy.fd)
(c:/texlive/2018/texmf-dist/tex/latex/lm/omxlmex.fd)
(c:/texlive/2018/texmf-dist/tex/latex/amsfonts/umsa.fd)
(c:/texlive/2018/texmf-dist/tex/latex/amsfonts/umsb.fd) [1{c:/texlive/2018/texm
f-var/fonts/map/pdftex/updmap/pdftex.map}] [2]
No file main_html.toc.
(./chapters.tex [3] [4]
Chapter 1.
(./intro.tex) [5] [6]
Chapter 2.
(./getstarted.tex (c:/texlive/2018/texmf-dist/tex/latex/lm/t1lmtt.fd) [7]

LaTeX Warning: Reference `fig_libbuild' on page 8 undefined on input line 59.


LaTeX Warning: Reference `table_solution_config' on page 8 undefined on input l
ine 62.

(c:/texlive/2018/texmf-dist/tex/latex/lm/ts1lmr.fd)
Underfull \vbox (badness 10000) has occurred while \output is active [8 <./fig/
libbuild-eps-converted-to.pdf>] [9]

LaTeX Warning: Reference `table_simplest_code' on page 10 undefined on input li
ne 202.


Overfull \hbox (41.61064pt too wide) in paragraph at lines 202--203
\C70/mc/m/n/10/4f \ \C70/mc/m/n/10/62 ^^P \C70/mc/m/n/10 W _$\T1/lmtt/m/n/10 ma
in . cpp$\C70/mc/m/n/10 k\T1/lmr/m/n/10 Table[]\C70/mc/m/n/10 k \C70/mc/m/n/10/
79 : \C70/mc/m/n/10 Y ³ ü É ’ \C70/mc/m/n/10/66 ø \C70/mc/m/n/10 M \C70/mc/m/n/
10/8f ¼ \C70/mc/m/n/10 “ g O ` U D|\C70/mc/m/n/10/ff ^^N| \C70/mc/m/n/10 S Œ L\
T1/lmr/m/n/10 Springhead\C70/mc/m/n/10 ’

LaTeX Warning: Reference `libbuild' on page 10 undefined on input line 243.


LaTeX Warning: Reference `fig_newproject4' on page 10 undefined on input line 2
46.


LaTeX Warning: Reference `fig_newproject5' on page 10 undefined on input line 2
47.

[10 <./fig/newproject1-eps-converted-to.pdf> <./fig/newproject2-eps-converted-t
o.pdf>]

LaTeX Warning: Reference `fig_newproject8' on page 11 undefined on input line 2
59.

)
Overfull \hbox (2.44568pt too wide) in paragraph at lines 258--8
\C70/mc/m/n/10/4e å 
 \C70/mc/m/n/10 g \C70/mc/m/n/10/6e – \C70/mc/m/n/10/50 ™ \C70/mc/m/n/10/5b Œ \
C70/mc/m/n/10/4e † \C70/mc/m/n/10 g Y|\C70/mc/m/n/10/ff ^^N| \C70/mc/m/n/10 Ó ë
 É\T1/lmr/m/n/10 (F7)\C70/mc/m/n/10 W f|\C70/mc/m/n/10/ff ^^L| \C70/mc/m/n/10/5
b Ÿ \C70/mc/m/n/10/88 L\T1/lmr/m/n/10 (F5)\C70/mc/m/n/10 W f ^^? f O ` U D|\C70
/mc/m/n/10/ff ^^N|  \T1/lmr/m/n/10 Fig.[]\C70/mc/m/n/10 n

Underfull \vbox (badness 10000) has occurred while \output is active [11 <./fig
/newproject3-eps-converted-to.pdf> <./fig/newproject4-eps-converted-to.pdf>]
[12] [13 <./fig/newproject5-eps-converted-to.pdf> <./fig/newproject6_truncate-e
ps-converted-to.pdf> <./fig/newproject7_truncate-eps-converted-to.pdf> <./fig/n
ewproject8-eps-converted-to.pdf>] [14]
Chapter 3.
[15] [16]
Chapter 4.
[17] [18]
Chapter 5.
[19] [20]
Chapter 6.
[21] [22]
Chapter 7.
[23] [24]
Chapter 8.
[25] [26]
Chapter 9.
[27] [28]
Chapter 10.
[29] [30]
Chapter 11.
[31] [32]
Chapter 12.
[33] [34]
Chapter 13.
[35] [36]
Chapter 14.
[37] [38]
Chapter 15.
) [39] (./main_html.aux)

LaTeX Warning: There were undefined references.


LaTeX Warning: Label(s) may have changed. Rerun to get cross-references right.

 )
(see the transcript file for additional information){c:/texlive/2018/texmf-dist
/fonts/enc/dvips/ipaex-type1/ipxt1-u75.enc}{c:/texlive/2018/texmf-dist/fonts/en
c/dvips/ipaex-type1/ipxt1-u52.enc}{c:/texlive/2018/texmf-dist/fonts/enc/dvips/i
paex-type1/ipxt1-u4e.enc}{c:/texlive/2018/texmf-dist/fonts/enc/dvips/ipaex-type
1/ipxt1-u64.enc}{c:/texlive/2018/texmf-dist/fonts/enc/dvips/ipaex-type1/ipxt1-u
90.enc}{c:/texlive/2018/texmf-dist/fonts/enc/dvips/ipaex-type1/ipxt1-u69.enc}{c
:/texlive/2018/texmf-dist/fonts/enc/dvips/ipaex-type1/ipxt1-u50.enc}{c:/texlive
/2018/texmf-dist/fonts/enc/dvips/ipaex-type1/ipxt1-u88.enc}{c:/texlive/2018/tex
mf-dist/fonts/enc/dvips/ipaex-type1/ipxt1-u7b.enc}{c:/texlive/2018/texmf-dist/f
onts/enc/dvips/ipaex-type1/ipxt1-u5e.enc}{c:/texlive/2018/texmf-dist/fonts/enc/
dvips/lm/lm-ec.enc}{c:/texlive/2018/texmf-dist/fonts/enc/dvips/ipaex-type1/ipxt
1-u6e.enc}{c:/texlive/2018/texmf-dist/fonts/enc/dvips/ipaex-type1/ipxt1-u5b.enc
}{c:/texlive/2018/texmf-dist/fonts/enc/dvips/ipaex-type1/ipxt1-u8a.enc}{c:/texl
ive/2018/texmf-dist/fonts/enc/dvips/ipaex-type1/ipxt1-u96.enc}{c:/texlive/2018/
texmf-dist/fonts/enc/dvips/ipaex-type1/ipxt1-u7d.enc}{c:/texlive/2018/texmf-dis
t/fonts/enc/dvips/lm/lm-mathit.enc}{c:/texlive/2018/texmf-dist/fonts/enc/dvips/
ipaex-type1/ipxt1-u6c.enc}{c:/texlive/2018/texmf-dist/fonts/enc/dvips/ipaex-typ
e1/ipxt1-u4f.enc}{c:/texlive/2018/texmf-dist/fonts/enc/dvips/ipaex-type1/ipxt1-
u82.enc}{c:/texlive/2018/texmf-dist/fonts/enc/dvips/ipaex-type1/ipxt1-u8f.enc}{
c:/texlive/2018/texmf-dist/fonts/enc/dvips/lm/lm-ts1.enc}{c:/texlive/2018/texmf
-dist/fonts/enc/dvips/ipaex-type1/ipxt1-u79.enc}{c:/texlive/2018/texmf-dist/fon
ts/enc/dvips/ipaex-type1/ipxt1-u5c.enc}{c:/texlive/2018/texmf-dist/fonts/enc/dv
ips/ipaex-type1/ipxt1-u8d.enc}{c:/texlive/2018/texmf-dist/fonts/enc/dvips/ipaex
-type1/ipxt1-u81.enc}{c:/texlive/2018/texmf-dist/fonts/enc/dvips/ipaex-type1/ip
xt1-u73.enc}{c:/texlive/2018/texmf-dist/fonts/enc/dvips/ipaex-type1/ipxt1-u55.e
nc}{c:/texlive/2018/texmf-dist/fonts/enc/dvips/ipaex-type1/ipxt1-u58.enc}{c:/te
xlive/2018/texmf-dist/fonts/enc/dvips/ipaex-type1/ipxt1-u97.enc}{c:/texlive/201
8/texmf-dist/fonts/enc/dvips/ipaex-type1/ipxt1-u7c.enc}{c:/texlive/2018/texmf-d
ist/fonts/enc/dvips/ipaex-type1/ipxt1-u74.enc}{c:/texlive/2018/texmf-dist/fonts
/enc/dvips/ipaex-type1/ipxt1-u76.enc}{c:/texlive/2018/texmf-dist/fonts/enc/dvip
s/ipaex-type1/ipxt1-u95.enc}{c:/texlive/2018/texmf-dist/fonts/enc/dvips/ipaex-t
ype1/ipxt1-u93.enc}{c:/texlive/2018/texmf-dist/fonts/enc/dvips/ipaex-type1/ipxt
1-u61.enc}{c:/texlive/2018/texmf-dist/fonts/enc/dvips/ipaex-type1/ipxt1-u57.enc
}{c:/texlive/2018/texmf-dist/fonts/enc/dvips/ipaex-type1/ipxt1-u62.enc}{c:/texl
ive/2018/texmf-dist/fonts/enc/dvips/ipaex-type1/ipxt1-u51.enc}{c:/texlive/2018/
texmf-dist/fonts/enc/dvips/ipaex-type1/ipxt1-u6b.enc}{c:/texlive/2018/texmf-dis
t/fonts/enc/dvips/ipaex-type1/ipxt1-u53.enc}{c:/texlive/2018/texmf-dist/fonts/e
nc/dvips/ipaex-type1/ipxt1-u7e.enc}{c:/texlive/2018/texmf-dist/fonts/enc/dvips/
ipaex-type1/ipxt1-u5f.enc}{c:/texlive/2018/texmf-dist/fonts/enc/dvips/ipaex-typ
e1/ipxt1-u66.enc}{c:/texlive/2018/texmf-dist/fonts/enc/dvips/ipaex-type1/ipxt1-
u89.enc}{c:/texlive/2018/texmf-dist/fonts/enc/dvips/ipaex-type1/ipxt1-u70.enc}{
c:/texlive/2018/texmf-dist/fonts/enc/dvips/ipaex-type1/ipxt1-u71.enc}{c:/texliv
e/2018/texmf-dist/fonts/enc/dvips/ipaex-type1/ipxt1-u80.enc}{c:/texlive/2018/te
xmf-dist/fonts/enc/dvips/ipaex-type1/ipxt1-u6a.enc}{c:/texlive/2018/texmf-dist/
fonts/enc/dvips/ipaex-type1/ipxt1-u60.enc}{c:/texlive/2018/texmf-dist/fonts/enc
/dvips/ipaex-type1/ipxt1-u9a.enc}{c:/texlive/2018/texmf-dist/fonts/enc/dvips/ip
aex-type1/ipxt1-u98.enc}{c:/texlive/2018/texmf-dist/fonts/enc/dvips/ipaex-type1
/ipxt1-u67.enc}{c:/texlive/2018/texmf-dist/fonts/enc/dvips/ipaex-type1/ipxt1-u6
d.enc}{c:/texlive/2018/texmf-dist/fonts/enc/dvips/ipaex-type1/ipxt1-u7a.enc}{c:
/texlive/2018/texmf-dist/fonts/enc/dvips/ipaex-type1/ipxt1-u59.enc}{c:/texlive/
2018/texmf-dist/fonts/enc/dvips/ipaex-type1/ipxt1-u63.enc}{c:/texlive/2018/texm
f-dist/fonts/enc/dvips/ipaex-type1/ipxt1-u65.enc}{c:/texlive/2018/texmf-dist/fo
nts/enc/dvips/ipaex-type1/ipxt1-u54.enc}{c:/texlive/2018/texmf-dist/fonts/enc/d
vips/ipaex-type1/ipxt1-u72.enc}{c:/texlive/2018/texmf-dist/fonts/enc/dvips/ipae
x-type1/ipxt1-uff.enc}{c:/texlive/2018/texmf-dist/fonts/enc/dvips/ipaex-type1/i
pxt1-u30.enc}<c:/texlive/2018/texmf-dist/fonts/type1/public/ipaex-type1/ipxg-r-
u30.pfb><c:/texlive/2018/texmf-dist/fonts/type1/public/ipaex-type1/ipxg-r-u4e.p
fb><c:/texlive/2018/texmf-dist/fonts/type1/public/ipaex-type1/ipxg-r-u4f.pfb><c
:/texlive/2018/texmf-dist/fonts/type1/public/ipaex-type1/ipxg-r-u51.pfb><c:/tex
live/2018/texmf-dist/fonts/type1/public/ipaex-type1/ipxg-r-u52.pfb><c:/texlive/
2018/texmf-dist/fonts/type1/public/ipaex-type1/ipxg-r-u58.pfb><c:/texlive/2018/
texmf-dist/fonts/type1/public/ipaex-type1/ipxg-r-u5b.pfb><c:/texlive/2018/texmf
-dist/fonts/type1/public/ipaex-type1/ipxg-r-u5e.pfb><c:/texlive/2018/texmf-dist
/fonts/type1/public/ipaex-type1/ipxg-r-u62.pfb><c:/texlive/2018/texmf-dist/font
s/type1/public/ipaex-type1/ipxg-r-u64.pfb><c:/texlive/2018/texmf-dist/fonts/typ
e1/public/ipaex-type1/ipxg-r-u69.pfb><c:/texlive/2018/texmf-dist/fonts/type1/pu
blic/ipaex-type1/ipxg-r-u74.pfb><c:/texlive/2018/texmf-dist/fonts/type1/public/
ipaex-type1/ipxg-r-u75.pfb><c:/texlive/2018/texmf-dist/fonts/type1/public/ipaex
-type1/ipxg-r-u76.pfb><c:/texlive/2018/texmf-dist/fonts/type1/public/ipaex-type
1/ipxg-r-u7b.pfb><c:/texlive/2018/texmf-dist/fonts/type1/public/ipaex-type1/ipx
g-r-u7d.pfb><c:/texlive/2018/texmf-dist/fonts/type1/public/ipaex-type1/ipxg-r-u
88.pfb><c:/texlive/2018/texmf-dist/fonts/type1/public/ipaex-type1/ipxg-r-u8a.pf
b><c:/texlive/2018/texmf-dist/fonts/type1/public/ipaex-type1/ipxg-r-u90.pfb><c:
/texlive/2018/texmf-dist/fonts/type1/public/ipaex-type1/ipxg-r-u95.pfb><c:/texl
ive/2018/texmf-dist/fonts/type1/public/ipaex-type1/ipxg-r-u96.pfb><c:/texlive/2
018/texmf-dist/fonts/type1/public/ipaex-type1/ipxm-r-u30.pfb><c:/texlive/2018/t
exmf-dist/fonts/type1/public/ipaex-type1/ipxm-r-u4e.pfb><c:/texlive/2018/texmf-
dist/fonts/type1/public/ipaex-type1/ipxm-r-u4f.pfb><c:/texlive/2018/texmf-dist/
fonts/type1/public/ipaex-type1/ipxm-r-u50.pfb><c:/texlive/2018/texmf-dist/fonts
/type1/public/ipaex-type1/ipxm-r-u51.pfb><c:/texlive/2018/texmf-dist/fonts/type
1/public/ipaex-type1/ipxm-r-u52.pfb><c:/texlive/2018/texmf-dist/fonts/type1/pub
lic/ipaex-type1/ipxm-r-u53.pfb><c:/texlive/2018/texmf-dist/fonts/type1/public/i
paex-type1/ipxm-r-u54.pfb><c:/texlive/2018/texmf-dist/fonts/type1/public/ipaex-
type1/ipxm-r-u55.pfb><c:/texlive/2018/texmf-dist/fonts/type1/public/ipaex-type1
/ipxm-r-u57.pfb><c:/texlive/2018/texmf-dist/fonts/type1/public/ipaex-type1/ipxm
-r-u58.pfb><c:/texlive/2018/texmf-dist/fonts/type1/public/ipaex-type1/ipxm-r-u5
9.pfb><c:/texlive/2018/texmf-dist/fonts/type1/public/ipaex-type1/ipxm-r-u5b.pfb
><c:/texlive/2018/texmf-dist/fonts/type1/public/ipaex-type1/ipxm-r-u5c.pfb><c:/
texlive/2018/texmf-dist/fonts/type1/public/ipaex-type1/ipxm-r-u5e.pfb><c:/texli
ve/2018/texmf-dist/fonts/type1/public/ipaex-type1/ipxm-r-u5f.pfb><c:/texlive/20
18/texmf-dist/fonts/type1/public/ipaex-type1/ipxm-r-u60.pfb><c:/texlive/2018/te
xmf-dist/fonts/type1/public/ipaex-type1/ipxm-r-u61.pfb><c:/texlive/2018/texmf-d
ist/fonts/type1/public/ipaex-type1/ipxm-r-u62.pfb><c:/texlive/2018/texmf-dist/f
onts/type1/public/ipaex-type1/ipxm-r-u63.pfb><c:/texlive/2018/texmf-dist/fonts/
type1/public/ipaex-type1/ipxm-r-u64.pfb><c:/texlive/2018/texmf-dist/fonts/type1
/public/ipaex-type1/ipxm-r-u65.pfb><c:/texlive/2018/texmf-dist/fonts/type1/publ
ic/ipaex-type1/ipxm-r-u66.pfb><c:/texlive/2018/texmf-dist/fonts/type1/public/ip
aex-type1/ipxm-r-u67.pfb><c:/texlive/2018/texmf-dist/fonts/type1/public/ipaex-t
ype1/ipxm-r-u69.pfb><c:/texlive/2018/texmf-dist/fonts/type1/public/ipaex-type1/
ipxm-r-u6a.pfb><c:/texlive/2018/texmf-dist/fonts/type1/public/ipaex-type1/ipxm-
r-u6b.pfb><c:/texlive/2018/texmf-dist/fonts/type1/public/ipaex-type1/ipxm-r-u6c
.pfb><c:/texlive/2018/texmf-dist/fonts/type1/public/ipaex-type1/ipxm-r-u6d.pfb>
<c:/texlive/2018/texmf-dist/fonts/type1/public/ipaex-type1/ipxm-r-u6e.pfb><c:/t
exlive/2018/texmf-dist/fonts/type1/public/ipaex-type1/ipxm-r-u70.pfb><c:/texliv
e/2018/texmf-dist/fonts/type1/public/ipaex-type1/ipxm-r-u71.pfb><c:/texlive/201
8/texmf-dist/fonts/type1/public/ipaex-type1/ipxm-r-u72.pfb><c:/texlive/2018/tex
mf-dist/fonts/type1/public/ipaex-type1/ipxm-r-u73.pfb><c:/texlive/2018/texmf-di
st/fonts/type1/public/ipaex-type1/ipxm-r-u74.pfb><c:/texlive/2018/texmf-dist/fo
nts/type1/public/ipaex-type1/ipxm-r-u75.pfb><c:/texlive/2018/texmf-dist/fonts/t
ype1/public/ipaex-type1/ipxm-r-u76.pfb><c:/texlive/2018/texmf-dist/fonts/type1/
public/ipaex-type1/ipxm-r-u79.pfb><c:/texlive/2018/texmf-dist/fonts/type1/publi
c/ipaex-type1/ipxm-r-u7a.pfb><c:/texlive/2018/texmf-dist/fonts/type1/public/ipa
ex-type1/ipxm-r-u7b.pfb><c:/texlive/2018/texmf-dist/fonts/type1/public/ipaex-ty
pe1/ipxm-r-u7c.pfb><c:/texlive/2018/texmf-dist/fonts/type1/public/ipaex-type1/i
pxm-r-u7d.pfb><c:/texlive/2018/texmf-dist/fonts/type1/public/ipaex-type1/ipxm-r
-u7e.pfb><c:/texlive/2018/texmf-dist/fonts/type1/public/ipaex-type1/ipxm-r-u80.
pfb><c:/texlive/2018/texmf-dist/fonts/type1/public/ipaex-type1/ipxm-r-u81.pfb><
c:/texlive/2018/texmf-dist/fonts/type1/public/ipaex-type1/ipxm-r-u82.pfb><c:/te
xlive/2018/texmf-dist/fonts/type1/public/ipaex-type1/ipxm-r-u88.pfb><c:/texlive
/2018/texmf-dist/fonts/type1/public/ipaex-type1/ipxm-r-u89.pfb><c:/texlive/2018
/texmf-dist/fonts/type1/public/ipaex-type1/ipxm-r-u8a.pfb><c:/texlive/2018/texm
f-dist/fonts/type1/public/ipaex-type1/ipxm-r-u8d.pfb><c:/texlive/2018/texmf-dis
t/fonts/type1/public/ipaex-type1/ipxm-r-u8f.pfb><c:/texlive/2018/texmf-dist/fon
ts/type1/public/ipaex-type1/ipxm-r-u90.pfb><c:/texlive/2018/texmf-dist/fonts/ty
pe1/public/ipaex-type1/ipxm-r-u93.pfb><c:/texlive/2018/texmf-dist/fonts/type1/p
ublic/ipaex-type1/ipxm-r-u95.pfb><c:/texlive/2018/texmf-dist/fonts/type1/public
/ipaex-type1/ipxm-r-u96.pfb><c:/texlive/2018/texmf-dist/fonts/type1/public/ipae
x-type1/ipxm-r-u97.pfb><c:/texlive/2018/texmf-dist/fonts/type1/public/ipaex-typ
e1/ipxm-r-u98.pfb><c:/texlive/2018/texmf-dist/fonts/type1/public/ipaex-type1/ip
xm-r-u9a.pfb><c:/texlive/2018/texmf-dist/fonts/type1/public/ipaex-type1/ipxm-r-
uff.pfb><c:/texlive/2018/texmf-dist/fonts/type1/public/lm/lmbx10.pfb><c:/texliv
e/2018/texmf-dist/fonts/type1/public/lm/lmbx12.pfb><c:/texlive/2018/texmf-dist/
fonts/type1/public/lm/lmmi10.pfb><c:/texlive/2018/texmf-dist/fonts/type1/public
/lm/lmr10.pfb><c:/texlive/2018/texmf-dist/fonts/type1/public/lm/lmr12.pfb><c:/t
exlive/2018/texmf-dist/fonts/type1/public/lm/lmr17.pfb><c:/texlive/2018/texmf-d
ist/fonts/type1/public/lm/lmr8.pfb><c:/texlive/2018/texmf-dist/fonts/type1/publ
ic/lm/lmro10.pfb><c:/texlive/2018/texmf-dist/fonts/type1/public/lm/lmtt10.pfb><
c:/texlive/2018/texmf-dist/fonts/type1/public/lm/lmtt8.pfb><c:/texlive/2018/tex
mf-dist/fonts/type1/public/lm/lmtt9.pfb>
Output written on main_html.pdf (39 pages, 1702479 bytes).
Transcript written on main_html.log.
remove_tree: tmp
making tmp
converting sprmacros.sty to tmp/sprmacros.sty
converting base.tex to tmp/base.tex
converting chapters.tex to tmp/chapters.tex
converting collision.tex to tmp/collision.tex
converting creature.tex to tmp/creature.tex
converting embpython.tex to tmp/embpython.tex
converting fileio.tex to tmp/fileio.tex
converting foundation.tex to tmp/foundation.tex
converting framework.tex to tmp/framework.tex
converting getstarted.tex to tmp/getstarted.tex
converting graphics.tex to tmp/graphics.tex
converting humaninterface.tex to tmp/humaninterface.tex
converting intro.tex to tmp/intro.tex
converting lwarp_preamble.tex to tmp/lwarp_preamble.tex
converting main.tex to tmp/main.tex
converting main_html.tex to tmp/main_html.tex
converting physics.tex to tmp/physics.tex
converting structure.tex to tmp/structure.tex
converting trouble.tex to tmp/trouble.tex
converting unity.tex to tmp/unity.tex
cp: jbook.cls -> tmp\jbook.cls
cp: jsbook.cls -> tmp\jsbook.cls
cp: en -> tmp\en/en
cp: fig -> tmp\fig/fig
cp: test.bat -> tmp\test.bat
cp: add_sp.bat -> tmp\add_sp.bat
cp: add_sp.bat -> tmp\main_html\images/add_sp.bat
enter: F:/Project/Springhead/core/doc/SprManual/tmp
#### pdflatex main_html.tex
====[ lwarpmk html ]====
lwarpmk: v0.60  Automated make for the LaTeX lwarp package.
lwarpmk: ===
lwarpmk: File "lwarpmk.conf" does not exist.
lwarpmk: Move to the project's source directory,
lwarpmk: recompile using pdflatex, xelatex, or lualatex,
lwarpmk: then try using lwarpmk again.
lwarpmk: ===
lwarpmk: Use lwarpmk -h or lwarpmk --help for help.
====[ lwarpmk again ]====
lwarpmk: v0.60  Automated make for the LaTeX lwarp package.
lwarpmk: ===
lwarpmk: File "lwarpmk.conf" does not exist.
lwarpmk: Move to the project's source directory,
lwarpmk: recompile using pdflatex, xelatex, or lualatex,
lwarpmk: then try using lwarpmk again.
lwarpmk: ===
lwarpmk: Use lwarpmk -h or lwarpmk --help for help.
====[ lwarpmk html ]====
lwarpmk: v0.60  Automated make for the LaTeX lwarp package.
lwarpmk: ===
lwarpmk: File "lwarpmk.conf" does not exist.
lwarpmk: Move to the project's source directory,
lwarpmk: recompile using pdflatex, xelatex, or lualatex,
lwarpmk: then try using lwarpmk again.
lwarpmk: ===
lwarpmk: Use lwarpmk -h or lwarpmk --help for help.
====[ lwarpmk print ]====
lwarpmk: v0.60  Automated make for the LaTeX lwarp package.
lwarpmk: ===
lwarpmk: File "lwarpmk.conf" does not exist.
lwarpmk: Move to the project's source directory,
lwarpmk: recompile using pdflatex, xelatex, or lualatex,
lwarpmk: then try using lwarpmk again.
lwarpmk: ===
lwarpmk: Use lwarpmk -h or lwarpmk --help for help.
====[ lwarpmk htmlindex ]====
lwarpmk: v0.60  Automated make for the LaTeX lwarp package.
lwarpmk: ===
lwarpmk: File "lwarpmk.conf" does not exist.
lwarpmk: Move to the project's source directory,
lwarpmk: recompile using pdflatex, xelatex, or lualatex,
lwarpmk: then try using lwarpmk again.
lwarpmk: ===
lwarpmk: Use lwarpmk -h or lwarpmk --help for help.
====[ lwarpmk html ]====
lwarpmk: v0.60  Automated make for the LaTeX lwarp package.
lwarpmk: ===
lwarpmk: File "lwarpmk.conf" does not exist.
lwarpmk: Move to the project's source directory,
lwarpmk: recompile using pdflatex, xelatex, or lualatex,
lwarpmk: then try using lwarpmk again.
lwarpmk: ===
lwarpmk: Use lwarpmk -h or lwarpmk --help for help.
====[ lwarpmk html1 ]====
lwarpmk: v0.60  Automated make for the LaTeX lwarp package.
lwarpmk: ===
lwarpmk: File "lwarpmk.conf" does not exist.
lwarpmk: Move to the project's source directory,
lwarpmk: recompile using pdflatex, xelatex, or lualatex,
lwarpmk: then try using lwarpmk again.
lwarpmk: ===
lwarpmk: Use lwarpmk -h or lwarpmk --help for help.
====[ lwarpmk limages ]====
lwarpmk: v0.60  Automated make for the LaTeX lwarp package.
lwarpmk: ===
lwarpmk: File "lwarpmk.conf" does not exist.
lwarpmk: Move to the project's source directory,
lwarpmk: recompile using pdflatex, xelatex, or lualatex,
lwarpmk: then try using lwarpmk again.
lwarpmk: ===
lwarpmk: Use lwarpmk -h or lwarpmk --help for help.
====[ lwarpmk html ]====
lwarpmk: v0.60  Automated make for the LaTeX lwarp package.
lwarpmk: ===
lwarpmk: File "lwarpmk.conf" does not exist.
lwarpmk: Move to the project's source directory,
lwarpmk: recompile using pdflatex, xelatex, or lualatex,
lwarpmk: then try using lwarpmk again.
lwarpmk: ===
lwarpmk: Use lwarpmk -h or lwarpmk --help for help.
