\BOOKMARK [0][-]{chapter.1}{第1章 はじめに}{}% 1
\BOOKMARK [0][-]{chapter.2}{第2章 Getting Started}{}% 2
\BOOKMARK [1][-]{section.2.1}{2.1 ダウンロード}{chapter.2}% 3
\BOOKMARK [1][-]{section.2.2}{2.2 SVNから入手する}{chapter.2}% 4
\BOOKMARK [1][-]{section.2.3}{2.3 開発環境}{chapter.2}% 5
\BOOKMARK [1][-]{section.2.4}{2.4 ライブラリのビルド}{chapter.2}% 6
\BOOKMARK [1][-]{section.2.5}{2.5 サンプルプログラムのビルド}{chapter.2}% 7
\BOOKMARK [1][-]{section.2.6}{2.6 アプリケーションの作成}{chapter.2}% 8
\BOOKMARK [0][-]{chapter.3}{第3章 Springheadの構成}{}% 9
\BOOKMARK [1][-]{section.3.1}{3.1 ディレクトリ構成}{chapter.3}% 10
\BOOKMARK [1][-]{section.3.2}{3.2 ライブラリ構成}{chapter.3}% 11
\BOOKMARK [1][-]{section.3.3}{3.3 クラス・APIの命名規則}{chapter.3}% 12
\BOOKMARK [1][-]{section.3.4}{3.4 インタフェースとディスクリプタ}{chapter.3}% 13
\BOOKMARK [0][-]{chapter.4}{第4章 Base}{}% 14
\BOOKMARK [1][-]{section.4.1}{4.1 行列・ベクトル演算}{chapter.4}% 15
\BOOKMARK [1][-]{section.4.2}{4.2 スマートポインタ}{chapter.4}% 16
\BOOKMARK [1][-]{section.4.3}{4.3 その他の機能}{chapter.4}% 17
\BOOKMARK [0][-]{chapter.5}{第5章 Foundation}{}% 18
\BOOKMARK [1][-]{section.5.1}{5.1 実行時型情報}{chapter.5}% 19
\BOOKMARK [1][-]{section.5.2}{5.2 オブジェクト}{chapter.5}% 20
\BOOKMARK [1][-]{section.5.3}{5.3 ネームマネジャとシーン}{chapter.5}% 21
\BOOKMARK [1][-]{section.5.4}{5.4 タイマ}{chapter.5}% 22
\BOOKMARK [1][-]{section.5.5}{5.5 状態の保存・再現}{chapter.5}% 23
\BOOKMARK [0][-]{chapter.6}{第6章 Collision}{}% 24
\BOOKMARK [1][-]{section.6.1}{6.1 概要}{chapter.6}% 25
\BOOKMARK [1][-]{section.6.2}{6.2 形状の作成}{chapter.6}% 26
\BOOKMARK [1][-]{section.6.3}{6.3 物性の指定}{chapter.6}% 27
\BOOKMARK [1][-]{section.6.4}{6.4 幾何情報の計算}{chapter.6}% 28
\BOOKMARK [0][-]{chapter.7}{第7章 Physics}{}% 29
\BOOKMARK [1][-]{section.7.1}{7.1 概要}{chapter.7}% 30
\BOOKMARK [1][-]{section.7.2}{7.2 Physics SDK}{chapter.7}% 31
\BOOKMARK [1][-]{section.7.3}{7.3 シーン}{chapter.7}% 32
\BOOKMARK [1][-]{section.7.4}{7.4 剛体}{chapter.7}% 33
\BOOKMARK [1][-]{section.7.5}{7.5 関節}{chapter.7}% 34
\BOOKMARK [1][-]{section.7.6}{7.6 関節系の逆運動学}{chapter.7}% 35
\BOOKMARK [1][-]{section.7.7}{7.7 接触}{chapter.7}% 36
\BOOKMARK [1][-]{section.7.8}{7.8 関節座標系シミュレーション}{chapter.7}% 37
\BOOKMARK [1][-]{section.7.9}{7.9 ギア}{chapter.7}% 38
\BOOKMARK [1][-]{section.7.10}{7.10 内部アルゴリズムの設定}{chapter.7}% 39
\BOOKMARK [0][-]{chapter.8}{第8章 Graphics}{}% 40
\BOOKMARK [1][-]{section.8.1}{8.1 概要}{chapter.8}% 41
\BOOKMARK [1][-]{section.8.2}{8.2 Graphics SDK}{chapter.8}% 42
\BOOKMARK [1][-]{section.8.3}{8.3 シーン}{chapter.8}% 43
\BOOKMARK [1][-]{section.8.4}{8.4 描画アイテム}{chapter.8}% 44
\BOOKMARK [1][-]{section.8.5}{8.5 フレーム}{chapter.8}% 45
\BOOKMARK [1][-]{section.8.6}{8.6 カメラ}{chapter.8}% 46
\BOOKMARK [1][-]{section.8.7}{8.7 ライト}{chapter.8}% 47
\BOOKMARK [1][-]{section.8.8}{8.8 マテリアル}{chapter.8}% 48
\BOOKMARK [1][-]{section.8.9}{8.9 メッシュ}{chapter.8}% 49
\BOOKMARK [1][-]{section.8.10}{8.10 レンダラ}{chapter.8}% 50
\BOOKMARK [0][-]{chapter.9}{第9章 FileIO}{}% 51
\BOOKMARK [1][-]{section.9.1}{9.1 概要}{chapter.9}% 52
\BOOKMARK [1][-]{section.9.2}{9.2 FileIO SDK}{chapter.9}% 53
\BOOKMARK [1][-]{section.9.3}{9.3 ファイルフォーマット}{chapter.9}% 54
\BOOKMARK [1][-]{section.9.4}{9.4 ファイルのロード・セーブ}{chapter.9}% 55
\BOOKMARK [1][-]{section.9.5}{9.5 インポート情報の管理}{chapter.9}% 56
\BOOKMARK [0][-]{chapter.10}{第10章 HumanInterface}{}% 57
\BOOKMARK [1][-]{section.10.1}{10.1 概要}{chapter.10}% 58
\BOOKMARK [1][-]{section.10.2}{10.2 HumanInterface SDK}{chapter.10}% 59
\BOOKMARK [1][-]{section.10.3}{10.3 クラス階層とデータ構造}{chapter.10}% 60
\BOOKMARK [1][-]{section.10.4}{10.4 実デバイス}{chapter.10}% 61
\BOOKMARK [1][-]{section.10.5}{10.5 キーボード・マウス}{chapter.10}% 62
\BOOKMARK [1][-]{section.10.6}{10.6 ジョイスティック}{chapter.10}% 63
\BOOKMARK [1][-]{section.10.7}{10.7 トラックボール}{chapter.10}% 64
\BOOKMARK [1][-]{section.10.8}{10.8 Spidar}{chapter.10}% 65
\BOOKMARK [0][-]{chapter.11}{第11章 Creature}{}% 66
\BOOKMARK [1][-]{section.11.1}{11.1 Creatureモジュールの構成}{chapter.11}% 67
\BOOKMARK [0][-]{chapter.12}{第12章 Framework}{}% 68
\BOOKMARK [1][-]{section.12.1}{12.1 概要}{chapter.12}% 69
\BOOKMARK [1][-]{section.12.2}{12.2 Framework SDK}{chapter.12}% 70
\BOOKMARK [1][-]{section.12.3}{12.3 Framework シーン}{chapter.12}% 71
\BOOKMARK [1][-]{section.12.4}{12.4 シーンのロードとセーブ}{chapter.12}% 72
\BOOKMARK [1][-]{section.12.5}{12.5 Framework オブジェクト}{chapter.12}% 73
\BOOKMARK [1][-]{section.12.6}{12.6 アプリケーションクラス}{chapter.12}% 74
\BOOKMARK [1][-]{section.12.7}{12.7 ウィンドウ}{chapter.12}% 75
\BOOKMARK [1][-]{section.12.8}{12.8 Frameworkを用いたシミュレーションと描画}{chapter.12}% 76
\BOOKMARK [1][-]{section.12.9}{12.9 デバッグ描画}{chapter.12}% 77
\BOOKMARK [1][-]{section.12.10}{12.10 力覚インタラクションのためのアプリケーション}{chapter.12}% 78
\BOOKMARK [0][-]{chapter.13}{第13章 Python言語との連携}{}% 79
\BOOKMARK [1][-]{section.13.1}{13.1 利用法}{chapter.13}% 80
\BOOKMARK [1][-]{section.13.2}{13.2 PythonからのSpringhead API使用法}{chapter.13}% 81
\BOOKMARK [0][-]{chapter.14}{第14章 C\043との連携およびUnity上での利用}{}% 82
\BOOKMARK [1][-]{section.14.1}{14.1 Springhead C\043 DLLのビルド}{chapter.14}% 83
\BOOKMARK [1][-]{section.14.2}{14.2 利用法}{chapter.14}% 84
\BOOKMARK [1][-]{section.14.3}{14.3 デバッグの方法}{chapter.14}% 85
\BOOKMARK [1][-]{section.14.4}{14.4 SprUnityを開発する方へ}{chapter.14}% 86
\BOOKMARK [0][-]{chapter.15}{第15章 トラブルシューティング}{}% 87
\BOOKMARK [1][-]{section.15.1}{15.1 概要}{chapter.15}% 88
\BOOKMARK [1][-]{section.15.2}{15.2 プログラムのビルド}{chapter.15}% 89
\BOOKMARK [1][-]{section.15.3}{15.3 物理シミュレーション関連}{chapter.15}% 90
\BOOKMARK [1][-]{section.15.4}{15.4 ファイル関連}{chapter.15}% 91
\BOOKMARK [1][-]{section.15.5}{15.5 その他のトラブル}{chapter.15}% 92
\BOOKMARK [0][-]{section.15.5}{索引}{}% 93
